#
# There is insufficient memory for the Java Runtime Environment to continue.
# Native memory allocation (malloc) failed to allocate 749616 bytes for Chunk::new
# Possible reasons:
#   The system is out of physical RAM or swap space
#   In 32 bit mode, the process size limit was hit
# Possible solutions:
#   Reduce memory load on the system
#   Increase physical memory or swap space
#   Check if swap backing store is full
#   Use 64 bit Java on a 64 bit OS
#   Decrease Java heap size (-Xmx/-Xms)
#   Decrease number of Java threads
#   Decrease Java thread stack sizes (-Xss)
#   Set larger code cache with -XX:ReservedCodeCacheSize=
# This output file may be truncated or incomplete.
#
#  Out of Memory Error (allocation.cpp:390), pid=8264, tid=9848
#
# JRE version: Java(TM) SE Runtime Environment (8.0_20-b26) (build 1.8.0_20-b26)
# Java VM: Java HotSpot(TM) 64-Bit Server VM (25.20-b23 mixed mode windows-amd64 compressed oops)
# Failed to write core dump. Minidumps are not enabled by default on client versions of Windows
#

---------------  T H R E A D  ---------------

Current thread (0x0000000019183000):  JavaThread "C2 CompilerThread1" daemon [_thread_in_native, id=9848, stack(0x0000000019750000,0x0000000019850000)]

Stack: [0x0000000019750000,0x0000000019850000]
Native frames: (J=compiled Java code, j=interpreted, Vv=VM code, C=native code)
V  [jvm.dll+0x3152fa]


Current CompileTask:
C2:   5276 1630   !   4       java.net.URLClassLoader$1::run (73 bytes)


---------------  P R O C E S S  ---------------

Java Threads: ( => current thread )
  0x0000000019201800 JavaThread "Service Thread" daemon [_thread_blocked, id=60004, stack(0x0000000019950000,0x0000000019a50000)]
  0x00000000191d2800 JavaThread "C1 CompilerThread2" daemon [_thread_blocked, id=26460, stack(0x0000000019850000,0x0000000019950000)]
=>0x0000000019183000 JavaThread "C2 CompilerThread1" daemon [_thread_in_native, id=9848, stack(0x0000000019750000,0x0000000019850000)]
  0x000000001917e000 JavaThread "C2 CompilerThread0" daemon [_thread_in_native, id=10976, stack(0x0000000019650000,0x0000000019750000)]
  0x000000001917c000 JavaThread "Monitor Ctrl-Break" daemon [_thread_in_native, id=67468, stack(0x0000000019550000,0x0000000019650000)]
  0x0000000017c59800 JavaThread "Attach Listener" daemon [_thread_blocked, id=67344, stack(0x0000000019050000,0x0000000019150000)]
  0x0000000017c0d800 JavaThread "Signal Dispatcher" daemon [_thread_blocked, id=67536, stack(0x0000000018f50000,0x0000000019050000)]
  0x0000000003107000 JavaThread "Finalizer" daemon [_thread_blocked, id=17672, stack(0x0000000018e50000,0x0000000018f50000)]
  0x00000000030fe000 JavaThread "Reference Handler" daemon [_thread_blocked, id=66272, stack(0x0000000018d50000,0x0000000018e50000)]
  0x000000000300d800 JavaThread "main" [_thread_in_vm, id=63960, stack(0x00000000029c0000,0x0000000002ac0000)]

Other Threads:
  0x0000000017bc6800 VMThread [stack: 0x0000000018c50000,0x0000000018d50000] [id=63992]
  0x0000000019205800 WatcherThread [stack: 0x0000000019a50000,0x0000000019b50000] [id=16064]

VM state:not at safepoint (normal execution)

VM Mutex/Monitor currently owned by a thread: None

Heap:
 PSYoungGen      total 37888K, used 8347K [0x00000000d6000000, 0x00000000daa00000, 0x0000000100000000)
  eden space 32768K, 9% used [0x00000000d6000000,0x00000000d6327dd0,0x00000000d8000000)
  from space 5120K, 99% used [0x00000000d8000000,0x00000000d84ff1c8,0x00000000d8500000)
  to   space 5120K, 0% used [0x00000000da500000,0x00000000da500000,0x00000000daa00000)
 ParOldGen       total 86016K, used 2280K [0x0000000082000000, 0x0000000087400000, 0x00000000d6000000)
  object space 86016K, 2% used [0x0000000082000000,0x000000008223a190,0x0000000087400000)
 Metaspace       used 14413K, capacity 14688K, committed 14976K, reserved 1062912K
  class space    used 1775K, capacity 1877K, committed 1920K, reserved 1048576K

Card table byte_map: [0x00000000124d0000,0x00000000128d0000] byte_map_base: 0x00000000120c0000

Marking Bits: (ParMarkBitMap*) 0x000000005b3cb460
 Begin Bits: [0x0000000012f70000, 0x0000000014ef0000)
 End Bits:   [0x0000000014ef0000, 0x0000000016e70000)

Polling page: 0x0000000002ac0000

CodeCache: size=245760Kb used=5563Kb max_used=5563Kb free=240196Kb
 bounds [0x0000000003110000, 0x0000000003690000, 0x0000000012110000]
 total_blobs=2065 nmethods=1711 adapters=267
 compilation: enabled

Compilation events (10 events):
Event: 5.154 Thread 0x00000000191d2800 1712       3       sun.nio.cs.StreamEncoder::implWrite (156 bytes)
Event: 5.155 Thread 0x00000000191d2800 nmethod 1712 0x000000000367c750 code [0x000000000367c9c0, 0x000000000367d828]
Event: 5.155 Thread 0x00000000191d2800 1713   !   3       java.nio.charset.CharsetEncoder::encode (285 bytes)
Event: 5.157 Thread 0x00000000191d2800 nmethod 1713 0x000000000367e050 code [0x000000000367e320, 0x000000000367f8d8]
Event: 5.157 Thread 0x00000000191d2800 1714       3       sun.nio.cs.StreamEncoder::implFlushBuffer (15 bytes)
Event: 5.157 Thread 0x00000000191d2800 nmethod 1714 0x0000000003680150 code [0x00000000036802c0, 0x0000000003680528]
Event: 5.157 Thread 0x00000000191d2800 1715       3       sun.nio.cs.StreamEncoder::writeBytes (132 bytes)
Event: 5.158 Thread 0x00000000191d2800 nmethod 1715 0x00000000036805d0 code [0x00000000036807e0, 0x0000000003681418]
Event: 5.169 Thread 0x00000000191d2800 1716       3       org.eclipse.sisu.inject.Guice4::getProviderInstance (22 bytes)
Event: 5.169 Thread 0x00000000191d2800 nmethod 1716 0x00000000036818d0 code [0x0000000003681a40, 0x0000000003681c70]

GC Heap History (6 events):
Event: 2.780 GC heap before
{Heap before GC invocations=1 (full 0):
 PSYoungGen      total 37888K, used 32768K [0x00000000d6000000, 0x00000000d8a00000, 0x0000000100000000)
  eden space 32768K, 100% used [0x00000000d6000000,0x00000000d8000000,0x00000000d8000000)
  from space 5120K, 0% used [0x00000000d8500000,0x00000000d8500000,0x00000000d8a00000)
  to   space 5120K, 0% used [0x00000000d8000000,0x00000000d8000000,0x00000000d8500000)
 ParOldGen       total 86016K, used 0K [0x0000000082000000, 0x0000000087400000, 0x00000000d6000000)
  object space 86016K, 0% used [0x0000000082000000,0x0000000082000000,0x0000000087400000)
 Metaspace       used 8756K, capacity 8964K, committed 9088K, reserved 1056768K
  class space    used 1037K, capacity 1116K, committed 1152K, reserved 1048576K
Event: 2.795 GC heap after
Heap after GC invocations=1 (full 0):
 PSYoungGen      total 37888K, used 5115K [0x00000000d6000000, 0x00000000d8a00000, 0x0000000100000000)
  eden space 32768K, 0% used [0x00000000d6000000,0x00000000d6000000,0x00000000d8000000)
  from space 5120K, 99% used [0x00000000d8000000,0x00000000d84feee8,0x00000000d8500000)
  to   space 5120K, 0% used [0x00000000d8500000,0x00000000d8500000,0x00000000d8a00000)
 ParOldGen       total 86016K, used 94K [0x0000000082000000, 0x0000000087400000, 0x00000000d6000000)
  object space 86016K, 0% used [0x0000000082000000,0x0000000082017b80,0x0000000087400000)
 Metaspace       used 8756K, capacity 8964K, committed 9088K, reserved 1056768K
  class space    used 1037K, capacity 1116K, committed 1152K, reserved 1048576K
}
Event: 3.601 GC heap before
{Heap before GC invocations=2 (full 0):
 PSYoungGen      total 37888K, used 37883K [0x00000000d6000000, 0x00000000d8a00000, 0x0000000100000000)
  eden space 32768K, 100% used [0x00000000d6000000,0x00000000d8000000,0x00000000d8000000)
  from space 5120K, 99% used [0x00000000d8000000,0x00000000d84feee8,0x00000000d8500000)
  to   space 5120K, 0% used [0x00000000d8500000,0x00000000d8500000,0x00000000d8a00000)
 ParOldGen       total 86016K, used 94K [0x0000000082000000, 0x0000000087400000, 0x00000000d6000000)
  object space 86016K, 0% used [0x0000000082000000,0x0000000082017b80,0x0000000087400000)
 Metaspace       used 11079K, capacity 11308K, committed 11392K, reserved 1058816K
  class space    used 1329K, capacity 1380K, committed 1408K, reserved 1048576K
Event: 3.608 GC heap after
Heap after GC invocations=2 (full 0):
 PSYoungGen      total 37888K, used 5113K [0x00000000d6000000, 0x00000000d8a00000, 0x0000000100000000)
  eden space 32768K, 0% used [0x00000000d6000000,0x00000000d6000000,0x00000000d8000000)
  from space 5120K, 99% used [0x00000000d8500000,0x00000000d89fe598,0x00000000d8a00000)
  to   space 5120K, 0% used [0x00000000d8000000,0x00000000d8000000,0x00000000d8500000)
 ParOldGen       total 86016K, used 636K [0x0000000082000000, 0x0000000087400000, 0x00000000d6000000)
  object space 86016K, 0% used [0x0000000082000000,0x000000008209f0d8,0x0000000087400000)
 Metaspace       used 11079K, capacity 11308K, committed 11392K, reserved 1058816K
  class space    used 1329K, capacity 1380K, committed 1408K, reserved 1048576K
}
Event: 5.080 GC heap before
{Heap before GC invocations=3 (full 0):
 PSYoungGen      total 37888K, used 37881K [0x00000000d6000000, 0x00000000d8a00000, 0x0000000100000000)
  eden space 32768K, 100% used [0x00000000d6000000,0x00000000d8000000,0x00000000d8000000)
  from space 5120K, 99% used [0x00000000d8500000,0x00000000d89fe598,0x00000000d8a00000)
  to   space 5120K, 0% used [0x00000000d8000000,0x00000000d8000000,0x00000000d8500000)
 ParOldGen       total 86016K, used 636K [0x0000000082000000, 0x0000000087400000, 0x00000000d6000000)
  object space 86016K, 0% used [0x0000000082000000,0x000000008209f0d8,0x0000000087400000)
 Metaspace       used 14085K, capacity 14400K, committed 14720K, reserved 1062912K
  class space    used 1732K, capacity 1845K, committed 1920K, reserved 1048576K
Event: 5.109 GC heap after
Heap after GC invocations=3 (full 0):
 PSYoungGen      total 37888K, used 5116K [0x00000000d6000000, 0x00000000daa00000, 0x0000000100000000)
  eden space 32768K, 0% used [0x00000000d6000000,0x00000000d6000000,0x00000000d8000000)
  from space 5120K, 99% used [0x00000000d8000000,0x00000000d84ff1c8,0x00000000d8500000)
  to   space 5120K, 0% used [0x00000000da500000,0x00000000da500000,0x00000000daa00000)
 ParOldGen       total 86016K, used 2280K [0x0000000082000000, 0x0000000087400000, 0x00000000d6000000)
  object space 86016K, 2% used [0x0000000082000000,0x000000008223a190,0x0000000087400000)
 Metaspace       used 14085K, capacity 14400K, committed 14720K, reserved 1062912K
  class space    used 1732K, capacity 1845K, committed 1920K, reserved 1048576K
}

Deoptimization events (10 events):
Event: 3.254 Thread 0x000000000300d800 Uncommon trap: reason=class_check action=maybe_recompile pc=0x000000000340b8fc method=java.util.HashMap.putVal(ILjava/lang/Object;Ljava/lang/Object;ZZ)Ljava/lang/Object; @ 203
Event: 3.407 Thread 0x000000000300d800 Uncommon trap: reason=class_check action=maybe_recompile pc=0x000000000340b8fc method=java.util.HashMap.putVal(ILjava/lang/Object;Ljava/lang/Object;ZZ)Ljava/lang/Object; @ 203
Event: 4.217 Thread 0x000000000300d800 Uncommon trap: reason=class_check action=maybe_recompile pc=0x000000000340b8fc method=java.util.HashMap.putVal(ILjava/lang/Object;Ljava/lang/Object;ZZ)Ljava/lang/Object; @ 203
Event: 4.221 Thread 0x000000000300d800 Uncommon trap: reason=class_check action=maybe_recompile pc=0x000000000340b8fc method=java.util.HashMap.putVal(ILjava/lang/Object;Ljava/lang/Object;ZZ)Ljava/lang/Object; @ 203
Event: 4.601 Thread 0x000000000300d800 Uncommon trap: reason=bimorphic action=maybe_recompile pc=0x00000000035a3d28 method=java.util.HashMap.putVal(ILjava/lang/Object;Ljava/lang/Object;ZZ)Ljava/lang/Object; @ 203
Event: 4.608 Thread 0x000000000300d800 Uncommon trap: reason=bimorphic action=maybe_recompile pc=0x00000000035a3d28 method=java.util.HashMap.putVal(ILjava/lang/Object;Ljava/lang/Object;ZZ)Ljava/lang/Object; @ 203
Event: 4.608 Thread 0x000000000300d800 Uncommon trap: reason=bimorphic action=maybe_recompile pc=0x00000000035a3d28 method=java.util.HashMap.putVal(ILjava/lang/Object;Ljava/lang/Object;ZZ)Ljava/lang/Object; @ 203
Event: 4.609 Thread 0x000000000300d800 Uncommon trap: reason=bimorphic action=maybe_recompile pc=0x00000000035a3d28 method=java.util.HashMap.putVal(ILjava/lang/Object;Ljava/lang/Object;ZZ)Ljava/lang/Object; @ 203
Event: 4.769 Thread 0x000000000300d800 Uncommon trap: reason=class_check action=maybe_recompile pc=0x00000000034351e4 method=java.util.HashMap.putVal(ILjava/lang/Object;Ljava/lang/Object;ZZ)Ljava/lang/Object; @ 203
Event: 4.857 Thread 0x000000000300d800 Uncommon trap: reason=null_check action=make_not_entrant pc=0x00000000032d9e38 method=java.lang.String.equals(Ljava/lang/Object;)Z @ 8

Internal exceptions (10 events):
Event: 5.234 Thread 0x000000000300d800 Exception <a 'java/security/PrivilegedActionException'> (0x00000000d6298200) thrown at [D:\re\workspace\8-2-build-windows-amd64-cygwin\jdk8u20\1074\hotspot\src\share\vm\prims\jvm.cpp, line 1275]
Event: 5.235 Thread 0x000000000300d800 Exception <a 'java/security/PrivilegedActionException'> (0x00000000d62a7130) thrown at [D:\re\workspace\8-2-build-windows-amd64-cygwin\jdk8u20\1074\hotspot\src\share\vm\prims\jvm.cpp, line 1275]
Event: 5.235 Thread 0x000000000300d800 Exception <a 'java/security/PrivilegedActionException'> (0x00000000d62a7cd0) thrown at [D:\re\workspace\8-2-build-windows-amd64-cygwin\jdk8u20\1074\hotspot\src\share\vm\prims\jvm.cpp, line 1275]
Event: 5.236 Thread 0x000000000300d800 Exception <a 'java/security/PrivilegedActionException'> (0x00000000d62b7510) thrown at [D:\re\workspace\8-2-build-windows-amd64-cygwin\jdk8u20\1074\hotspot\src\share\vm\prims\jvm.cpp, line 1275]
Event: 5.236 Thread 0x000000000300d800 Exception <a 'java/security/PrivilegedActionException'> (0x00000000d62b7cf8) thrown at [D:\re\workspace\8-2-build-windows-amd64-cygwin\jdk8u20\1074\hotspot\src\share\vm\prims\jvm.cpp, line 1275]
Event: 5.238 Thread 0x000000000300d800 Exception <a 'java/security/PrivilegedActionException'> (0x00000000d62c4938) thrown at [D:\re\workspace\8-2-build-windows-amd64-cygwin\jdk8u20\1074\hotspot\src\share\vm\prims\jvm.cpp, line 1275]
Event: 5.238 Thread 0x000000000300d800 Exception <a 'java/security/PrivilegedActionException'> (0x00000000d62c51e8) thrown at [D:\re\workspace\8-2-build-windows-amd64-cygwin\jdk8u20\1074\hotspot\src\share\vm\prims\jvm.cpp, line 1275]
Event: 5.239 Thread 0x000000000300d800 Exception <a 'java/security/PrivilegedActionException'> (0x00000000d62cea88) thrown at [D:\re\workspace\8-2-build-windows-amd64-cygwin\jdk8u20\1074\hotspot\src\share\vm\prims\jvm.cpp, line 1275]
Event: 5.239 Thread 0x000000000300d800 Exception <a 'java/security/PrivilegedActionException'> (0x00000000d62cf330) thrown at [D:\re\workspace\8-2-build-windows-amd64-cygwin\jdk8u20\1074\hotspot\src\share\vm\prims\jvm.cpp, line 1275]
Event: 5.240 Thread 0x000000000300d800 Exception <a 'java/security/PrivilegedActionException'> (0x00000000d62d8530) thrown at [D:\re\workspace\8-2-build-windows-amd64-cygwin\jdk8u20\1074\hotspot\src\share\vm\prims\jvm.cpp, line 1275]

Events (10 events):
Event: 5.236 loading class org/eclipse/aether/internal/impl/TrackingFileManager
Event: 5.236 loading class org/eclipse/aether/internal/impl/TrackingFileManager done
Event: 5.237 loading class java/nio/channels/OverlappingFileLockException
Event: 5.237 loading class java/nio/channels/OverlappingFileLockException done
Event: 5.238 loading class org/apache/maven/settings/crypto/DefaultSettingsDecryptionRequest
Event: 5.238 loading class org/apache/maven/settings/crypto/DefaultSettingsDecryptionRequest done
Event: 5.239 loading class org/apache/maven/settings/crypto/DefaultSettingsDecryptionResult
Event: 5.239 loading class org/apache/maven/settings/crypto/DefaultSettingsDecryptionResult done
Event: 5.239 loading class org/eclipse/aether/util/repository/DefaultMirrorSelector
Event: 5.239 loading class org/eclipse/aether/util/repository/DefaultMirrorSelector done


Dynamic libraries:
0x00007ff701960000 - 0x00007ff701994000 	C:\Program Files\Java\jdk1.8.0_20\bin\java.exe
0x00007ffea9a20000 - 0x00007ffea9c10000 	C:\WINDOWS\SYSTEM32\ntdll.dll
0x00007ffea7e40000 - 0x00007ffea7ef2000 	C:\WINDOWS\System32\KERNEL32.DLL
0x00007ffea6b80000 - 0x00007ffea6e23000 	C:\WINDOWS\System32\KERNELBASE.dll
0x00007ffea9690000 - 0x00007ffea9733000 	C:\WINDOWS\System32\ADVAPI32.dll
0x00007ffea8b40000 - 0x00007ffea8bde000 	C:\WINDOWS\System32\msvcrt.dll
0x00007ffea8be0000 - 0x00007ffea8c77000 	C:\WINDOWS\System32\sechost.dll
0x00007ffea7ad0000 - 0x00007ffea7bf0000 	C:\WINDOWS\System32\RPCRT4.dll
0x00007ffea94f0000 - 0x00007ffea9684000 	C:\WINDOWS\System32\USER32.dll
0x00007ffea7120000 - 0x00007ffea7141000 	C:\WINDOWS\System32\win32u.dll
0x00007ffea7bf0000 - 0x00007ffea7c16000 	C:\WINDOWS\System32\GDI32.dll
0x00007ffea6f80000 - 0x00007ffea7114000 	C:\WINDOWS\System32\gdi32full.dll
0x00007ffea7280000 - 0x00007ffea731e000 	C:\WINDOWS\System32\msvcp_win.dll
0x00007ffea6a20000 - 0x00007ffea6b1a000 	C:\WINDOWS\System32\ucrtbase.dll
0x00007ffe90510000 - 0x00007ffe90795000 	C:\WINDOWS\WinSxS\amd64_microsoft.windows.common-controls_6595b64144ccf1df_6.0.18362.657_none_e6c5b579130e3898\COMCTL32.dll
0x00007ffea8800000 - 0x00007ffea8b36000 	C:\WINDOWS\System32\combase.dll
0x00007ffea7200000 - 0x00007ffea7280000 	C:\WINDOWS\System32\bcryptPrimitives.dll
0x00007ffea8ce0000 - 0x00007ffea8d0e000 	C:\WINDOWS\System32\IMM32.DLL
0x000000005b860000 - 0x000000005b932000 	C:\Program Files\Java\jdk1.8.0_20\jre\bin\msvcr100.dll
0x000000005abf0000 - 0x000000005b448000 	C:\Program Files\Java\jdk1.8.0_20\jre\bin\server\jvm.dll
0x00007ffea9880000 - 0x00007ffea9888000 	C:\WINDOWS\System32\PSAPI.DLL
0x00007ffea0b30000 - 0x00007ffea0b39000 	C:\WINDOWS\SYSTEM32\WSOCK32.dll
0x00007ffea8d90000 - 0x00007ffea8dff000 	C:\WINDOWS\System32\WS2_32.dll
0x00007ffea32a0000 - 0x00007ffea32c4000 	C:\WINDOWS\SYSTEM32\WINMM.dll
0x00007ffea3270000 - 0x00007ffea329d000 	C:\WINDOWS\SYSTEM32\WINMMBASE.dll
0x00007ffea69b0000 - 0x00007ffea69fa000 	C:\WINDOWS\System32\cfgmgr32.dll
0x000000005b9f0000 - 0x000000005b9ff000 	C:\Program Files\Java\jdk1.8.0_20\jre\bin\verify.dll
0x000000005b830000 - 0x000000005b858000 	C:\Program Files\Java\jdk1.8.0_20\jre\bin\java.dll
0x000000005b7a0000 - 0x000000005b7c3000 	C:\Program Files\Java\jdk1.8.0_20\jre\bin\instrument.dll
0x000000005b960000 - 0x000000005b976000 	C:\Program Files\Java\jdk1.8.0_20\jre\bin\zip.dll
0x00007ffea8e00000 - 0x00007ffea94e5000 	C:\WINDOWS\System32\SHELL32.dll
0x00007ffea8560000 - 0x00007ffea8609000 	C:\WINDOWS\System32\shcore.dll
0x00007ffea7320000 - 0x00007ffea7a9f000 	C:\WINDOWS\System32\windows.storage.dll
0x00007ffea6990000 - 0x00007ffea69af000 	C:\WINDOWS\System32\profapi.dll
0x00007ffea6920000 - 0x00007ffea696a000 	C:\WINDOWS\System32\powrprof.dll
0x00007ffea68f0000 - 0x00007ffea6900000 	C:\WINDOWS\System32\UMPDC.dll
0x00007ffea8c80000 - 0x00007ffea8cd2000 	C:\WINDOWS\System32\shlwapi.dll
0x00007ffea6900000 - 0x00007ffea6911000 	C:\WINDOWS\System32\kernel.appcore.dll
0x00007ffea6a00000 - 0x00007ffea6a17000 	C:\WINDOWS\System32\cryptsp.dll
0x00007ffea03b0000 - 0x00007ffea03ca000 	E:\develop\IntelliJ IDEA 2019.3.2\bin\breakgen64.dll
0x000000005b810000 - 0x000000005b82a000 	C:\Program Files\Java\jdk1.8.0_20\jre\bin\net.dll
0x00007ffea6100000 - 0x00007ffea6167000 	C:\WINDOWS\system32\mswsock.dll
0x00007ffea5c70000 - 0x00007ffea5ca3000 	C:\WINDOWS\system32\rsaenh.dll
0x00007ffea7aa0000 - 0x00007ffea7ac6000 	C:\WINDOWS\System32\bcrypt.dll
0x00007ffea67e0000 - 0x00007ffea6805000 	C:\WINDOWS\SYSTEM32\USERENV.dll
0x00007ffea6330000 - 0x00007ffea633c000 	C:\WINDOWS\SYSTEM32\CRYPTBASE.dll
0x00007ffea5e10000 - 0x00007ffea5e4a000 	C:\WINDOWS\SYSTEM32\IPHLPAPI.DLL
0x00007ffea7e30000 - 0x00007ffea7e38000 	C:\WINDOWS\System32\NSI.dll
0x00007ffe99b90000 - 0x00007ffe99ba6000 	C:\WINDOWS\SYSTEM32\dhcpcsvc6.DLL
0x00007ffe9a630000 - 0x00007ffe9a64c000 	C:\WINDOWS\SYSTEM32\dhcpcsvc.DLL
0x00007ffea5e50000 - 0x00007ffea5f1a000 	C:\WINDOWS\SYSTEM32\DNSAPI.dll
0x000000005b7f0000 - 0x000000005b801000 	C:\Program Files\Java\jdk1.8.0_20\jre\bin\nio.dll
0x00007ffea30e0000 - 0x00007ffea30ea000 	C:\Users\x1c\AppData\Local\Temp\jansi-1.17.1-6932144549590620356.dll
0x00007ffea0340000 - 0x00007ffea034a000 	C:\Users\x1c\AppData\Local\Temp\jansi-1.17.1-7923311182292483517.dll

VM Arguments:
jvm_args: -Dmaven.multiModuleProjectDirectory=E:\develop-repository\gitSpace3.4\springbootmgb\springbootmgb -Dmaven.home=E:\develop\IntelliJ IDEA 2019.3.2\plugins\maven\lib\maven3 -Dclassworlds.conf=E:\develop\IntelliJ IDEA 2019.3.2\plugins\maven\lib\maven3\bin\m2.conf -Dmaven.ext.class.path=E:\develop\IntelliJ IDEA 2019.3.2\plugins\maven\lib\maven-event-listener.jar -javaagent:E:\develop\IntelliJ IDEA 2019.3.2\lib\idea_rt.jar=49250:E:\develop\IntelliJ IDEA 2019.3.2\bin -Dfile.encoding=UTF-8 
java_command: org.codehaus.classworlds.Launcher -Didea.version2019.3.2 org.mybatis.generator:mybatis-generator-maven-plugin:1.3.7:generate
java_class_path (initial): E:\develop\IntelliJ IDEA 2019.3.2\plugins\maven\lib\maven3\boot\plexus-classworlds-2.6.0.jar;E:\develop\IntelliJ IDEA 2019.3.2\lib\idea_rt.jar
Launcher Type: SUN_STANDARD

Environment Variables:
JAVA_HOME=C:\Program Files\Java\jdk1.8.0_20
CLASSPATH=.;C:\Program Files\Java\jdk1.8.0_20\lib\dt.jar;C:\Program Files\Java\jdk1.8.0_20\lib\tools.jar;
PATH=C:\ProgramData\Oracle\Java\javapath;C:\WINDOWS\system32;C:\WINDOWS;C:\WINDOWS\System32\Wbem;C:\WINDOWS\System32\WindowsPowerShell\v1.0\;C:\WINDOWS\System32\OpenSSH\;E:\mysql\bin;D:\myql\bin;C:\Program Files\Java\jdk1.8.0_20\bin;C:\Program Files\Java\jdk1.8.0_20\jre\bin;E:\develop-src\apache-maven-3.6.3-bin\apache-maven-3.6.3\bin;E:\develop\Git\bin;E:\develop\Git\mingw64\libexec;C:\Users\x1c\AppData\Local\Microsoft\WindowsApps;E:\develop\Microsoft VS Code\bin
USERNAME=x1c
OS=Windows_NT
PROCESSOR_IDENTIFIER=Intel64 Family 6 Model 78 Stepping 3, GenuineIntel



---------------  S Y S T E M  ---------------

OS: Windows 8.1 , 64 bit Build 9600 

CPU:total 4 (2 cores per cpu, 2 threads per core) family 6 model 78 stepping 3, cmov, cx8, fxsr, mmx, sse, sse2, sse3, ssse3, sse4.1, sse4.2, popcnt, avx, avx2, aes, clmul, erms, rtm, lzcnt, ht, tsc, tscinvbit, bmi1, bmi2

Memory: 4k page, physical 8252484k(642636k free), swap 16012820k(4472k free)

vm_info: Java HotSpot(TM) 64-Bit Server VM (25.20-b23) for windows-amd64 JRE (1.8.0_20-b26), built on Jul 30 2014 13:51:23 by "java_re" with MS VC++ 10.0 (VS2010)

time: Thu Mar 05 00:16:18 2020
elapsed time: 5 seconds (0d 0h 0m 5s)

