#
# There is insufficient memory for the Java Runtime Environment to continue.
# Native memory allocation (malloc) failed to allocate 256000 bytes for AllocateHeap
# Possible reasons:
#   The system is out of physical RAM or swap space
#   In 32 bit mode, the process size limit was hit
# Possible solutions:
#   Reduce memory load on the system
#   Increase physical memory or swap space
#   Check if swap backing store is full
#   Use 64 bit Java on a 64 bit OS
#   Decrease Java heap size (-Xmx/-Xms)
#   Decrease number of Java threads
#   Decrease Java thread stack sizes (-Xss)
#   Set larger code cache with -XX:ReservedCodeCacheSize=
# This output file may be truncated or incomplete.
#
#  Out of Memory Error (memory/allocation.inline.hpp:62), pid=50248, tid=9720
#
# JRE version: Java(TM) SE Runtime Environment (8.0_20-b26) (build 1.8.0_20-b26)
# Java VM: Java HotSpot(TM) 64-Bit Server VM (25.20-b23 mixed mode windows-amd64 compressed oops)
# Failed to write core dump. Minidumps are not enabled by default on client versions of Windows
#

---------------  T H R E A D  ---------------

Current thread (0x0000000017fd6800):  VMThread [stack: 0x0000000019060000,0x0000000019160000] [id=9720]

Stack: [0x0000000019060000,0x0000000019160000]
Native frames: (J=compiled Java code, j=interpreted, Vv=VM code, C=native code)
V  [jvm.dll+0x3152fa]
V  [jvm.dll+0x265d03]
V  [jvm.dll+0x266943]
V  [jvm.dll+0x25e265]
V  [jvm.dll+0x25fc3a]
V  [jvm.dll+0xf3878]
V  [jvm.dll+0x67b63]
V  [jvm.dll+0x1195b8]
V  [jvm.dll+0x8a8bf]
V  [jvm.dll+0x82455]
V  [jvm.dll+0x67b0d]
V  [jvm.dll+0x5977c]
V  [jvm.dll+0x6dc34]
V  [jvm.dll+0x3db82f]
V  [jvm.dll+0x3dcd50]
V  [jvm.dll+0x3dd2eb]
V  [jvm.dll+0xa0995]
V  [jvm.dll+0x279736]
V  [jvm.dll+0x2312c7]
V  [jvm.dll+0x230506]
V  [jvm.dll+0x2309a1]
V  [jvm.dll+0x230bbe]
V  [jvm.dll+0x283f5a]
C  [msvcr100.dll+0x21d9f]
C  [msvcr100.dll+0x21e3b]
C  [KERNEL32.DLL+0x17bd4]
C  [ntdll.dll+0x6ced1]

VM_Operation (0x00000000032bc070): CollectForMetadataAllocation, mode: safepoint, requested by thread 0x000000000113d800


---------------  P R O C E S S  ---------------

Java Threads: ( => current thread )
  0x000000001963a800 JavaThread "Service Thread" daemon [_thread_blocked, id=28268, stack(0x0000000019d60000,0x0000000019e60000)]
  0x000000001959d800 JavaThread "C1 CompilerThread2" daemon [_thread_blocked, id=58044, stack(0x0000000019c60000,0x0000000019d60000)]
  0x0000000019591000 JavaThread "C2 CompilerThread1" daemon [_thread_blocked, id=51408, stack(0x0000000019b60000,0x0000000019c60000)]
  0x000000001958e000 JavaThread "C2 CompilerThread0" daemon [_thread_blocked, id=24712, stack(0x0000000019a60000,0x0000000019b60000)]
  0x000000001958c000 JavaThread "Monitor Ctrl-Break" daemon [_thread_in_native, id=8400, stack(0x0000000019960000,0x0000000019a60000)]
  0x0000000018069800 JavaThread "Attach Listener" daemon [_thread_blocked, id=42720, stack(0x0000000019460000,0x0000000019560000)]
  0x000000001801d800 JavaThread "Signal Dispatcher" daemon [_thread_blocked, id=61184, stack(0x0000000019360000,0x0000000019460000)]
  0x0000000003511800 JavaThread "Finalizer" daemon [_thread_blocked, id=22872, stack(0x0000000019260000,0x0000000019360000)]
  0x000000000350e000 JavaThread "Reference Handler" daemon [_thread_blocked, id=43412, stack(0x0000000019160000,0x0000000019260000)]
  0x000000000113d800 JavaThread "main" [_thread_blocked, id=22200, stack(0x00000000031c0000,0x00000000032c0000)]

Other Threads:
=>0x0000000017fd6800 VMThread [stack: 0x0000000019060000,0x0000000019160000] [id=9720]
  0x000000001963d800 WatcherThread [stack: 0x0000000019e60000,0x0000000019f60000] [id=26240]

VM state:at safepoint (normal execution)

VM Mutex/Monitor currently owned by a thread:  ([mutex/lock_event])
[0x000000000113cfc0] Threads_lock - owner thread: 0x0000000017fd6800
[0x000000000113ca40] Heap_lock - owner thread: 0x000000000113d800

Heap:
 PSYoungGen      total 37888K, used 4236K [0x00000000d6000000, 0x00000000d9280000, 0x0000000100000000)
  eden space 32768K, 0% used [0x00000000d6000000,0x00000000d6000000,0x00000000d8000000)
  from space 5120K, 82% used [0x00000000d8000000,0x00000000d84232c0,0x00000000d8500000)
  to   space 5120K, 0% used [0x00000000d8500000,0x00000000d8500000,0x00000000d8a00000)
 ParOldGen       total 62464K, used 2123K [0x0000000082000000, 0x0000000085d00000, 0x00000000d6000000)
  object space 62464K, 3% used [0x0000000082000000,0x0000000082212fa0,0x0000000085d00000)
 Metaspace       used 11453K, capacity 11628K, committed 11776K, reserved 1067008K
  class space    used 1378K, capacity 1448K, committed 1536K, reserved 1048576K

Card table byte_map: [0x00000000128e0000,0x0000000012ce0000] byte_map_base: 0x00000000124d0000

Marking Bits: (ParMarkBitMap*) 0x000000005b3cb460
 Begin Bits: [0x0000000013380000, 0x0000000015300000)
 End Bits:   [0x0000000015300000, 0x0000000017280000)

Polling page: 0x0000000001120000

CodeCache: size=245760Kb used=4103Kb max_used=4103Kb free=241656Kb
 bounds [0x0000000003520000, 0x0000000003930000, 0x0000000012520000]
 total_blobs=1415 nmethods=1075 adapters=254
 compilation: enabled

Compilation events (10 events):
Event: 3.080 Thread 0x000000001959d800 1071       3       java.lang.reflect.WeakCache::expungeStaleEntries (31 bytes)
Event: 3.081 Thread 0x000000001959d800 nmethod 1071 0x0000000003918650 code [0x0000000003918800, 0x0000000003918eb8]
Event: 3.081 Thread 0x000000001959d800 1072       3       java.lang.reflect.WeakCache$CacheKey::valueOf (20 bytes)
Event: 3.081 Thread 0x000000001959d800 nmethod 1072 0x0000000003923c90 code [0x0000000003923e20, 0x0000000003924288]
Event: 3.081 Thread 0x000000001959d800 1073       3       com.google.inject.internal.Errors::size (27 bytes)
Event: 3.081 Thread 0x000000001959d800 nmethod 1073 0x0000000003918190 code [0x0000000003918300, 0x0000000003918588]
Event: 3.081 Thread 0x000000001959d800 1074       3       com.google.common.collect.ImmutableList::asImmutableList (18 bytes)
Event: 3.082 Thread 0x000000001959d800 nmethod 1074 0x0000000003924490 code [0x0000000003924620, 0x0000000003924a50]
Event: 3.082 Thread 0x000000001959d800 1075       3       com.google.inject.internal.ProviderInstanceBindingImpl::<init> (23 bytes)
Event: 3.082 Thread 0x000000001959d800 nmethod 1075 0x0000000003924c90 code [0x0000000003924e00, 0x00000000039250e8]

GC Heap History (9 events):
Event: 1.635 GC heap before
{Heap before GC invocations=1 (full 0):
 PSYoungGen      total 37888K, used 11217K [0x00000000d6000000, 0x00000000d8a00000, 0x0000000100000000)
  eden space 32768K, 34% used [0x00000000d6000000,0x00000000d6af4668,0x00000000d8000000)
  from space 5120K, 0% used [0x00000000d8500000,0x00000000d8500000,0x00000000d8a00000)
  to   space 5120K, 0% used [0x00000000d8000000,0x00000000d8000000,0x00000000d8500000)
 ParOldGen       total 86016K, used 0K [0x0000000082000000, 0x0000000087400000, 0x00000000d6000000)
  object space 86016K, 0% used [0x0000000082000000,0x0000000082000000,0x0000000087400000)
 Metaspace       used 5590K, capacity 5760K, committed 5888K, reserved 1060864K
  class space    used 590K, capacity 668K, committed 768K, reserved 1048576K
Event: 1.639 GC heap after
Heap after GC invocations=1 (full 0):
 PSYoungGen      total 37888K, used 2252K [0x00000000d6000000, 0x00000000d8a00000, 0x0000000100000000)
  eden space 32768K, 0% used [0x00000000d6000000,0x00000000d6000000,0x00000000d8000000)
  from space 5120K, 43% used [0x00000000d8000000,0x00000000d8233080,0x00000000d8500000)
  to   space 5120K, 0% used [0x00000000d8500000,0x00000000d8500000,0x00000000d8a00000)
 ParOldGen       total 86016K, used 8K [0x0000000082000000, 0x0000000087400000, 0x00000000d6000000)
  object space 86016K, 0% used [0x0000000082000000,0x0000000082002000,0x0000000087400000)
 Metaspace       used 5590K, capacity 5760K, committed 5888K, reserved 1060864K
  class space    used 590K, capacity 668K, committed 768K, reserved 1048576K
}
Event: 1.639 GC heap before
{Heap before GC invocations=2 (full 1):
 PSYoungGen      total 37888K, used 2252K [0x00000000d6000000, 0x00000000d8a00000, 0x0000000100000000)
  eden space 32768K, 0% used [0x00000000d6000000,0x00000000d6000000,0x00000000d8000000)
  from space 5120K, 43% used [0x00000000d8000000,0x00000000d8233080,0x00000000d8500000)
  to   space 5120K, 0% used [0x00000000d8500000,0x00000000d8500000,0x00000000d8a00000)
 ParOldGen       total 86016K, used 8K [0x0000000082000000, 0x0000000087400000, 0x00000000d6000000)
  object space 86016K, 0% used [0x0000000082000000,0x0000000082002000,0x0000000087400000)
 Metaspace       used 5590K, capacity 5760K, committed 5888K, reserved 1060864K
  class space    used 590K, capacity 668K, committed 768K, reserved 1048576K
Event: 1.655 GC heap after
Heap after GC invocations=2 (full 1):
 PSYoungGen      total 37888K, used 0K [0x00000000d6000000, 0x00000000d8a00000, 0x0000000100000000)
  eden space 32768K, 0% used [0x00000000d6000000,0x00000000d6000000,0x00000000d8000000)
  from space 5120K, 0% used [0x00000000d8000000,0x00000000d8000000,0x00000000d8500000)
  to   space 5120K, 0% used [0x00000000d8500000,0x00000000d8500000,0x00000000d8a00000)
 ParOldGen       total 62464K, used 2107K [0x0000000082000000, 0x0000000085d00000, 0x00000000d6000000)
  object space 62464K, 3% used [0x0000000082000000,0x000000008220efa0,0x0000000085d00000)
 Metaspace       used 5590K, capacity 5760K, committed 5888K, reserved 1058816K
  class space    used 590K, capacity 668K, committed 768K, reserved 1048576K
}
Event: 2.637 GC heap before
{Heap before GC invocations=3 (full 1):
 PSYoungGen      total 37888K, used 32768K [0x00000000d6000000, 0x00000000d8a00000, 0x0000000100000000)
  eden space 32768K, 100% used [0x00000000d6000000,0x00000000d8000000,0x00000000d8000000)
  from space 5120K, 0% used [0x00000000d8000000,0x00000000d8000000,0x00000000d8500000)
  to   space 5120K, 0% used [0x00000000d8500000,0x00000000d8500000,0x00000000d8a00000)
 ParOldGen       total 62464K, used 2107K [0x0000000082000000, 0x0000000085d00000, 0x00000000d6000000)
  object space 62464K, 3% used [0x0000000082000000,0x000000008220efa0,0x0000000085d00000)
 Metaspace       used 9304K, capacity 9488K, committed 9728K, reserved 1060864K
  class space    used 1112K, capacity 1183K, committed 1280K, reserved 1048576K
Event: 2.642 GC heap after
Heap after GC invocations=3 (full 1):
 PSYoungGen      total 37888K, used 3842K [0x00000000d6000000, 0x00000000d9280000, 0x0000000100000000)
  eden space 32768K, 0% used [0x00000000d6000000,0x00000000d6000000,0x00000000d8000000)
  from space 5120K, 75% used [0x00000000d8500000,0x00000000d88c0980,0x00000000d8a00000)
  to   space 5120K, 0% used [0x00000000d8000000,0x00000000d8000000,0x00000000d8500000)
 ParOldGen       total 62464K, used 2115K [0x0000000082000000, 0x0000000085d00000, 0x00000000d6000000)
  object space 62464K, 3% used [0x0000000082000000,0x0000000082210fa0,0x0000000085d00000)
 Metaspace       used 9304K, capacity 9488K, committed 9728K, reserved 1060864K
  class space    used 1112K, capacity 1183K, committed 1280K, reserved 1048576K
}
Event: 3.083 GC heap before
{Heap before GC invocations=4 (full 1):
 PSYoungGen      total 37888K, used 29025K [0x00000000d6000000, 0x00000000d9280000, 0x0000000100000000)
  eden space 32768K, 76% used [0x00000000d6000000,0x00000000d7897cb0,0x00000000d8000000)
  from space 5120K, 75% used [0x00000000d8500000,0x00000000d88c0980,0x00000000d8a00000)
  to   space 5120K, 0% used [0x00000000d8000000,0x00000000d8000000,0x00000000d8500000)
 ParOldGen       total 62464K, used 2115K [0x0000000082000000, 0x0000000085d00000, 0x00000000d6000000)
  object space 62464K, 3% used [0x0000000082000000,0x0000000082210fa0,0x0000000085d00000)
 Metaspace       used 11453K, capacity 11628K, committed 11776K, reserved 1067008K
  class space    used 1378K, capacity 1448K, committed 1536K, reserved 1048576K
Event: 3.088 GC heap after
Heap after GC invocations=4 (full 1):
 PSYoungGen      total 37888K, used 4236K [0x00000000d6000000, 0x00000000d9280000, 0x0000000100000000)
  eden space 32768K, 0% used [0x00000000d6000000,0x00000000d6000000,0x00000000d8000000)
  from space 5120K, 82% used [0x00000000d8000000,0x00000000d84232c0,0x00000000d8500000)
  to   space 5120K, 0% used [0x00000000d8500000,0x00000000d8500000,0x00000000d8a00000)
 ParOldGen       total 62464K, used 2123K [0x0000000082000000, 0x0000000085d00000, 0x00000000d6000000)
  object space 62464K, 3% used [0x0000000082000000,0x0000000082212fa0,0x0000000085d00000)
 Metaspace       used 11453K, capacity 11628K, committed 11776K, reserved 1067008K
  class space    used 1378K, capacity 1448K, committed 1536K, reserved 1048576K
}
Event: 3.088 GC heap before
{Heap before GC invocations=5 (full 2):
 PSYoungGen      total 37888K, used 4236K [0x00000000d6000000, 0x00000000d9280000, 0x0000000100000000)
  eden space 32768K, 0% used [0x00000000d6000000,0x00000000d6000000,0x00000000d8000000)
  from space 5120K, 82% used [0x00000000d8000000,0x00000000d84232c0,0x00000000d8500000)
  to   space 5120K, 0% used [0x00000000d8500000,0x00000000d8500000,0x00000000d8a00000)
 ParOldGen       total 62464K, used 2123K [0x0000000082000000, 0x0000000085d00000, 0x00000000d6000000)
  object space 62464K, 3% used [0x0000000082000000,0x0000000082212fa0,0x0000000085d00000)
 Metaspace       used 11453K, capacity 11628K, committed 11776K, reserved 1067008K
  class space    used 1378K, capacity 1448K, committed 1536K, reserved 1048576K

Deoptimization events (3 events):
Event: 2.662 Thread 0x000000000113d800 Uncommon trap: reason=range_check action=make_not_entrant pc=0x0000000003853de0 method=sun.reflect.generics.parser.SignatureParser.current()C @ 34
Event: 2.668 Thread 0x000000000113d800 Uncommon trap: reason=class_check action=maybe_recompile pc=0x0000000003839b48 method=java.util.HashMap.putVal(ILjava/lang/Object;Ljava/lang/Object;ZZ)Ljava/lang/Object; @ 203
Event: 2.825 Thread 0x000000000113d800 Uncommon trap: reason=class_check action=maybe_recompile pc=0x0000000003839b48 method=java.util.HashMap.putVal(ILjava/lang/Object;Ljava/lang/Object;ZZ)Ljava/lang/Object; @ 203

Internal exceptions (10 events):
Event: 3.076 Thread 0x000000000113d800 Exception <a 'java/security/PrivilegedActionException'> (0x00000000d77df7f8) thrown at [D:\re\workspace\8-2-build-windows-amd64-cygwin\jdk8u20\1074\hotspot\src\share\vm\prims\jvm.cpp, line 1275]
Event: 3.077 Thread 0x000000000113d800 Exception <a 'java/security/PrivilegedActionException'> (0x00000000d77e0260) thrown at [D:\re\workspace\8-2-build-windows-amd64-cygwin\jdk8u20\1074\hotspot\src\share\vm\prims\jvm.cpp, line 1275]
Event: 3.077 Thread 0x000000000113d800 Exception <a 'java/security/PrivilegedActionException'> (0x00000000d77e0de8) thrown at [D:\re\workspace\8-2-build-windows-amd64-cygwin\jdk8u20\1074\hotspot\src\share\vm\prims\jvm.cpp, line 1275]
Event: 3.080 Thread 0x000000000113d800 Exception <a 'java/security/PrivilegedActionException'> (0x00000000d77f1200) thrown at [D:\re\workspace\8-2-build-windows-amd64-cygwin\jdk8u20\1074\hotspot\src\share\vm\prims\jvm.cpp, line 1275]
Event: 3.080 Thread 0x000000000113d800 Exception <a 'java/security/PrivilegedActionException'> (0x00000000d77f1e08) thrown at [D:\re\workspace\8-2-build-windows-amd64-cygwin\jdk8u20\1074\hotspot\src\share\vm\prims\jvm.cpp, line 1275]
Event: 3.081 Thread 0x000000000113d800 Exception <a 'java/security/PrivilegedActionException'> (0x00000000d77fe388) thrown at [D:\re\workspace\8-2-build-windows-amd64-cygwin\jdk8u20\1074\hotspot\src\share\vm\prims\jvm.cpp, line 1275]
Event: 3.081 Thread 0x000000000113d800 Exception <a 'java/security/PrivilegedActionException'> (0x00000000d77fef90) thrown at [D:\re\workspace\8-2-build-windows-amd64-cygwin\jdk8u20\1074\hotspot\src\share\vm\prims\jvm.cpp, line 1275]
Event: 3.082 Thread 0x000000000113d800 Exception <a 'java/security/PrivilegedActionException'> (0x00000000d7803358) thrown at [D:\re\workspace\8-2-build-windows-amd64-cygwin\jdk8u20\1074\hotspot\src\share\vm\prims\jvm.cpp, line 1275]
Event: 3.082 Thread 0x000000000113d800 Exception <a 'java/security/PrivilegedActionException'> (0x00000000d7803d98) thrown at [D:\re\workspace\8-2-build-windows-amd64-cygwin\jdk8u20\1074\hotspot\src\share\vm\prims\jvm.cpp, line 1275]
Event: 3.082 Thread 0x000000000113d800 Exception <a 'java/security/PrivilegedActionException'> (0x00000000d78048d0) thrown at [D:\re\workspace\8-2-build-windows-amd64-cygwin\jdk8u20\1074\hotspot\src\share\vm\prims\jvm.cpp, line 1275]

Events (10 events):
Event: 3.077 loading class org/apache/maven/project/artifact/DefaultMavenMetadataCache done
Event: 3.080 loading class org/apache/maven/project/artifact/DefaultMavenMetadataCache$CacheKey
Event: 3.080 loading class org/apache/maven/project/artifact/DefaultMavenMetadataCache$CacheKey done
Event: 3.081 loading class org/apache/maven/lifecycle/mapping/DefaultLifecycleMapping$__sisu14
Event: 3.081 loading class org/apache/maven/lifecycle/mapping/DefaultLifecycleMapping$__sisu14 done
Event: 3.082 loading class org/apache/maven/model/validation/DefaultModelValidator
Event: 3.082 loading class org/apache/maven/model/validation/DefaultModelValidator done
Event: 3.082 loading class org/apache/maven/model/validation/DefaultModelValidator
Event: 3.082 loading class org/apache/maven/model/validation/DefaultModelValidator done
Event: 3.083 Executing VM operation: CollectForMetadataAllocation


Dynamic libraries:
0x00007ff701960000 - 0x00007ff701994000 	C:\Program Files\Java\jdk1.8.0_20\bin\java.exe
0x00007ffea9a20000 - 0x00007ffea9c10000 	C:\WINDOWS\SYSTEM32\ntdll.dll
0x00007ffea7e40000 - 0x00007ffea7ef2000 	C:\WINDOWS\System32\KERNEL32.DLL
0x00007ffea6b80000 - 0x00007ffea6e23000 	C:\WINDOWS\System32\KERNELBASE.dll
0x00007ffea9690000 - 0x00007ffea9733000 	C:\WINDOWS\System32\ADVAPI32.dll
0x00007ffea8b40000 - 0x00007ffea8bde000 	C:\WINDOWS\System32\msvcrt.dll
0x00007ffea8be0000 - 0x00007ffea8c77000 	C:\WINDOWS\System32\sechost.dll
0x00007ffea7ad0000 - 0x00007ffea7bf0000 	C:\WINDOWS\System32\RPCRT4.dll
0x00007ffea94f0000 - 0x00007ffea9684000 	C:\WINDOWS\System32\USER32.dll
0x00007ffea7120000 - 0x00007ffea7141000 	C:\WINDOWS\System32\win32u.dll
0x00007ffea7bf0000 - 0x00007ffea7c16000 	C:\WINDOWS\System32\GDI32.dll
0x00007ffea6f80000 - 0x00007ffea7114000 	C:\WINDOWS\System32\gdi32full.dll
0x00007ffea7280000 - 0x00007ffea731e000 	C:\WINDOWS\System32\msvcp_win.dll
0x00007ffea6a20000 - 0x00007ffea6b1a000 	C:\WINDOWS\System32\ucrtbase.dll
0x00007ffe90510000 - 0x00007ffe90795000 	C:\WINDOWS\WinSxS\amd64_microsoft.windows.common-controls_6595b64144ccf1df_6.0.18362.657_none_e6c5b579130e3898\COMCTL32.dll
0x00007ffea8800000 - 0x00007ffea8b36000 	C:\WINDOWS\System32\combase.dll
0x00007ffea7200000 - 0x00007ffea7280000 	C:\WINDOWS\System32\bcryptPrimitives.dll
0x00007ffea8ce0000 - 0x00007ffea8d0e000 	C:\WINDOWS\System32\IMM32.DLL
0x000000005b860000 - 0x000000005b932000 	C:\Program Files\Java\jdk1.8.0_20\jre\bin\msvcr100.dll
0x000000005abf0000 - 0x000000005b448000 	C:\Program Files\Java\jdk1.8.0_20\jre\bin\server\jvm.dll
0x00007ffea9880000 - 0x00007ffea9888000 	C:\WINDOWS\System32\PSAPI.DLL
0x00007ffea0b30000 - 0x00007ffea0b39000 	C:\WINDOWS\SYSTEM32\WSOCK32.dll
0x00007ffea8d90000 - 0x00007ffea8dff000 	C:\WINDOWS\System32\WS2_32.dll
0x00007ffea32a0000 - 0x00007ffea32c4000 	C:\WINDOWS\SYSTEM32\WINMM.dll
0x00007ffea3270000 - 0x00007ffea329d000 	C:\WINDOWS\SYSTEM32\winmmbase.dll
0x00007ffea69b0000 - 0x00007ffea69fa000 	C:\WINDOWS\System32\cfgmgr32.dll
0x000000005b9f0000 - 0x000000005b9ff000 	C:\Program Files\Java\jdk1.8.0_20\jre\bin\verify.dll
0x000000005b830000 - 0x000000005b858000 	C:\Program Files\Java\jdk1.8.0_20\jre\bin\java.dll
0x000000005b7a0000 - 0x000000005b7c3000 	C:\Program Files\Java\jdk1.8.0_20\jre\bin\instrument.dll
0x000000005b960000 - 0x000000005b976000 	C:\Program Files\Java\jdk1.8.0_20\jre\bin\zip.dll
0x00007ffea8e00000 - 0x00007ffea94e5000 	C:\WINDOWS\System32\SHELL32.dll
0x00007ffea8560000 - 0x00007ffea8609000 	C:\WINDOWS\System32\shcore.dll
0x00007ffea7320000 - 0x00007ffea7a9f000 	C:\WINDOWS\System32\windows.storage.dll
0x00007ffea6990000 - 0x00007ffea69af000 	C:\WINDOWS\System32\profapi.dll
0x00007ffea6920000 - 0x00007ffea696a000 	C:\WINDOWS\System32\powrprof.dll
0x00007ffea68f0000 - 0x00007ffea6900000 	C:\WINDOWS\System32\UMPDC.dll
0x00007ffea8c80000 - 0x00007ffea8cd2000 	C:\WINDOWS\System32\shlwapi.dll
0x00007ffea6900000 - 0x00007ffea6911000 	C:\WINDOWS\System32\kernel.appcore.dll
0x00007ffea6a00000 - 0x00007ffea6a17000 	C:\WINDOWS\System32\cryptsp.dll
0x00007ffea03b0000 - 0x00007ffea03ca000 	E:\develop\IntelliJ IDEA 2019.3.2\bin\breakgen64.dll
0x000000005b810000 - 0x000000005b82a000 	C:\Program Files\Java\jdk1.8.0_20\jre\bin\net.dll
0x00007ffea6100000 - 0x00007ffea6167000 	C:\WINDOWS\system32\mswsock.dll
0x00007ffea5c70000 - 0x00007ffea5ca3000 	C:\WINDOWS\system32\rsaenh.dll
0x00007ffea7aa0000 - 0x00007ffea7ac6000 	C:\WINDOWS\System32\bcrypt.dll
0x00007ffea67e0000 - 0x00007ffea6805000 	C:\WINDOWS\SYSTEM32\USERENV.dll
0x00007ffea6330000 - 0x00007ffea633c000 	C:\WINDOWS\SYSTEM32\CRYPTBASE.dll
0x00007ffea5e10000 - 0x00007ffea5e4a000 	C:\WINDOWS\SYSTEM32\IPHLPAPI.DLL
0x00007ffea7e30000 - 0x00007ffea7e38000 	C:\WINDOWS\System32\NSI.dll
0x00007ffe99b90000 - 0x00007ffe99ba6000 	C:\WINDOWS\SYSTEM32\dhcpcsvc6.DLL
0x00007ffe9a630000 - 0x00007ffe9a64c000 	C:\WINDOWS\SYSTEM32\dhcpcsvc.DLL
0x00007ffea5e50000 - 0x00007ffea5f1a000 	C:\WINDOWS\SYSTEM32\DNSAPI.dll
0x000000005b7f0000 - 0x000000005b801000 	C:\Program Files\Java\jdk1.8.0_20\jre\bin\nio.dll
0x00007ffea30e0000 - 0x00007ffea30ea000 	C:\Users\x1c\AppData\Local\Temp\jansi-1.17.1-8625146672610665443.dll
0x00007ffea0340000 - 0x00007ffea034a000 	C:\Users\x1c\AppData\Local\Temp\jansi-1.17.1-1516063167743387445.dll
0x00007ffe9aa90000 - 0x00007ffe9ac84000 	C:\WINDOWS\SYSTEM32\dbghelp.dll

VM Arguments:
jvm_args: -Dmaven.multiModuleProjectDirectory=E:\develop-repository\gitSpace3.4\springbootmgb\springbootmgb -Dmaven.home=E:\develop\IntelliJ IDEA 2019.3.2\plugins\maven\lib\maven3 -Dclassworlds.conf=E:\develop\IntelliJ IDEA 2019.3.2\plugins\maven\lib\maven3\bin\m2.conf -Dmaven.ext.class.path=E:\develop\IntelliJ IDEA 2019.3.2\plugins\maven\lib\maven-event-listener.jar -javaagent:E:\develop\IntelliJ IDEA 2019.3.2\lib\idea_rt.jar=51622:E:\develop\IntelliJ IDEA 2019.3.2\bin -Dfile.encoding=UTF-8 
java_command: org.codehaus.classworlds.Launcher -Didea.version2019.3.2 org.mybatis.generator:mybatis-generator-maven-plugin:1.3.7:generate
java_class_path (initial): E:\develop\IntelliJ IDEA 2019.3.2\plugins\maven\lib\maven3\boot\plexus-classworlds-2.6.0.jar;E:\develop\IntelliJ IDEA 2019.3.2\lib\idea_rt.jar
Launcher Type: SUN_STANDARD

Environment Variables:
JAVA_HOME=C:\Program Files\Java\jdk1.8.0_20
CLASSPATH=.;C:\Program Files\Java\jdk1.8.0_20\lib\dt.jar;C:\Program Files\Java\jdk1.8.0_20\lib\tools.jar;
PATH=C:\ProgramData\Oracle\Java\javapath;C:\WINDOWS\system32;C:\WINDOWS;C:\WINDOWS\System32\Wbem;C:\WINDOWS\System32\WindowsPowerShell\v1.0\;C:\WINDOWS\System32\OpenSSH\;E:\mysql\bin;D:\myql\bin;C:\Program Files\Java\jdk1.8.0_20\bin;C:\Program Files\Java\jdk1.8.0_20\jre\bin;E:\develop-src\apache-maven-3.6.3-bin\apache-maven-3.6.3\bin;E:\develop\Git\bin;E:\develop\Git\mingw64\libexec;C:\Users\x1c\AppData\Local\Microsoft\WindowsApps;E:\develop\Microsoft VS Code\bin
USERNAME=x1c
OS=Windows_NT
PROCESSOR_IDENTIFIER=Intel64 Family 6 Model 78 Stepping 3, GenuineIntel



---------------  S Y S T E M  ---------------

OS: Windows 8.1 , 64 bit Build 9600 

CPU:total 4 (2 cores per cpu, 2 threads per core) family 6 model 78 stepping 3, cmov, cx8, fxsr, mmx, sse, sse2, sse3, ssse3, sse4.1, sse4.2, popcnt, avx, avx2, aes, clmul, erms, rtm, lzcnt, ht, tsc, tscinvbit, bmi1, bmi2

Memory: 4k page, physical 8252484k(684724k free), swap 16012820k(4092k free)

vm_info: Java HotSpot(TM) 64-Bit Server VM (25.20-b23) for windows-amd64 JRE (1.8.0_20-b26), built on Jul 30 2014 13:51:23 by "java_re" with MS VC++ 10.0 (VS2010)

time: Thu Mar 05 00:53:45 2020
elapsed time: 3 seconds (0d 0h 0m 3s)

