JvmtiExport can_access_local_variables 0
JvmtiExport can_hotswap_or_post_breakpoint 0
JvmtiExport can_post_on_exceptions 0
# 514 ciObject found
ciMethod java/lang/Object <init> ()V 4097 1 559369 0 96
ciMethod java/lang/Object getClass ()Ljava/lang/Class; 2049 1 256 0 -1
ciMethod java/lang/Object hashCode ()I 2049 1 256 0 -1
ciMethod java/lang/Object equals (Ljava/lang/Object;)Z 2057 1 21568 0 -1
ciMethod java/lang/Object clone ()Ljava/lang/Object; 3073 1 384 0 -1
ciMethod java/lang/String equals (Ljava/lang/Object;)Z 4097 19177 5491 0 -1
ciMethod java/lang/String startsWith (Ljava/lang/String;I)Z 4097 2713 5693 0 384
ciMethod java/lang/String startsWith (Ljava/lang/String;)Z 3073 1 149147 0 320
ciMethod java/lang/String hashCode ()I 2801 32769 1495 0 320
ciMethod java/lang/reflect/AnnotatedElement getDeclaredAnnotations ()[Ljava/lang/annotation/Annotation; 0 0 1 0 -1
ciMethod java/lang/Class isAssignableFrom (Ljava/lang/Class;)Z 2057 1 257 0 -1
ciMethod java/lang/Class isInterface ()Z 2049 1 256 0 -1
ciMethod java/lang/Class isArray ()Z 2049 1 256 0 -1
ciMethod java/lang/Class getName ()Ljava/lang/String; 2153 1 175044 0 96
ciMethod java/lang/Class getName0 ()Ljava/lang/String; 2081 1 260 0 -1
ciMethod java/lang/Class getClassLoader0 ()Ljava/lang/ClassLoader; 2049 1 256 0 -1
ciMethod java/lang/Class getSuperclass ()Ljava/lang/Class; 2049 1 256 0 -1
ciMethod java/lang/Class getInterfaces ()[Ljava/lang/Class; 993 1 18628 0 1600
ciMethod java/lang/Class getInterfaces0 ()[Ljava/lang/Class; 2057 1 257 0 -1
ciMethod java/lang/Class getMethods ()[Ljava/lang/reflect/Method; 2393 1 1432 0 0
ciMethod java/lang/Class getDeclaredMethods ()[Ljava/lang/reflect/Method; 1993 1 473 0 -1
ciMethod java/lang/Class checkMemberAccess (ILjava/lang/Class;Z)V 2049 1 8584 0 0
ciMethod java/lang/Class checkPackageAccess (Ljava/lang/ClassLoader;Z)V 1 1 332 0 -1
ciMethod java/lang/Class reflectionData ()Ljava/lang/Class$ReflectionData; 3089 1 5608 0 1280
ciMethod java/lang/Class newReflectionData (Ljava/lang/ref/SoftReference;I)Ljava/lang/Class$ReflectionData; 585 1 992 0 0
ciMethod java/lang/Class privateGetDeclaredMethods (Z)[Ljava/lang/reflect/Method; 2049 1 8944 0 0
ciMethod java/lang/Class privateGetPublicMethods ()[Ljava/lang/reflect/Method; 3073 5577 1839 0 0
ciMethod java/lang/Class arrayContentsEq ([Ljava/lang/Object;[Ljava/lang/Object;)Z 2057 1425 5525 0 0
ciMethod java/lang/Class copyMethods ([Ljava/lang/reflect/Method;)[Ljava/lang/reflect/Method; 1761 8193 1904 0 0
ciMethod java/lang/Class getDeclaredMethods0 (Z)[Ljava/lang/reflect/Method; 2057 1 257 0 -1
ciMethod java/lang/Class getReflectionFactory ()Lsun/reflect/ReflectionFactory; 2049 1 7213 0 -1
ciMethod java/lang/Class checkInitted ()V 2097 1 13945 0 0
ciMethod java/lang/Class access$300 ([Ljava/lang/Object;[Ljava/lang/Object;)Z 49 1 109 0 0
ciMethod java/lang/ClassLoader getClassLoader (Ljava/lang/Class;)Ljava/lang/ClassLoader; 73 1 1863 0 -1
ciMethod java/lang/System getSecurityManager ()Ljava/lang/SecurityManager; 4097 1 53612 0 0
ciMethod java/lang/System arraycopy (Ljava/lang/Object;ILjava/lang/Object;II)V 33793 1 4224 0 -1
ciMethod java/lang/SecurityManager checkPermission (Ljava/security/Permission;)V 0 0 1 0 -1
ciMethod java/lang/ref/Reference get ()Ljava/lang/Object; 2049 1 256 0 -1
ciMethod java/lang/ref/Reference <init> (Ljava/lang/Object;)V 2145 1 26881 0 0
ciMethod java/lang/ref/Reference <init> (Ljava/lang/Object;Ljava/lang/ref/ReferenceQueue;)V 2073 1 33964 0 96
ciMethod java/lang/ref/SoftReference <init> (Ljava/lang/Object;)V 1433 1 5780 0 0
ciMethod java/lang/ref/SoftReference get ()Ljava/lang/Object; 2057 1 26595 0 96
ciMethod java/util/Map get (Ljava/lang/Object;)Ljava/lang/Object; 0 0 1 0 -1
ciMethod java/util/Map put (Ljava/lang/Object;Ljava/lang/Object;)Ljava/lang/Object; 0 0 1 0 -1
ciMethod java/util/Map computeIfAbsent (Ljava/lang/Object;Ljava/util/function/Function;)Ljava/lang/Object; 49 1 6 0 -1
ciMethod java/lang/reflect/Member getDeclaringClass ()Ljava/lang/Class; 0 0 1 0 -1
ciMethod java/lang/reflect/Member getName ()Ljava/lang/String; 0 0 1 0 -1
ciMethod java/lang/reflect/Method getDeclaringClass ()Ljava/lang/Class; 1073 1 134 0 0
ciMethod java/lang/reflect/Method getName ()Ljava/lang/String; 1969 1 246 0 0
ciMethod java/lang/reflect/Method getModifiers ()I 1025 1 128 0 0
ciMethod java/lang/reflect/Method getReturnType ()Ljava/lang/Class; 1073 1 134 0 0
ciMethod java/lang/reflect/Method getParameterTypes ()[Ljava/lang/Class; 2241 1 23916 0 256
ciMethod java/lang/reflect/Method getParameterCount ()I 2193 1 6603 0 -1
ciMethod java/lang/reflect/Method equals (Ljava/lang/Object;)Z 2049 1 39718 0 -1
ciMethod java/lang/reflect/Method hashCode ()I 2049 1 17018 0 0
ciMethod java/lang/reflect/Method isBridge ()Z 241 1 23420 0 0
ciMethod java/lang/reflect/Method isDefault ()Z 2065 1 16388 0 0
ciMethod java/lang/annotation/Annotation annotationType ()Ljava/lang/Class; 0 0 1 0 -1
ciMethod java/lang/invoke/DirectMethodHandle internalMemberName (Ljava/lang/Object;)Ljava/lang/Object; 2105 1 38220 0 0
ciMethod sun/misc/Unsafe compareAndSwapObject (Ljava/lang/Object;JLjava/lang/Object;Ljava/lang/Object;)Z 2049 1 256 0 -1
ciMethod java/security/AccessController doPrivileged (Ljava/security/PrivilegedAction;)Ljava/lang/Object; 2049 1 256 0 -1
ciMethod java/util/List size ()I 0 0 1 0 -1
ciMethod java/util/List iterator ()Ljava/util/Iterator; 0 0 1 0 -1
ciMethod java/util/List get (I)Ljava/lang/Object; 0 0 1 0 -1
ciMethod sun/reflect/ReflectionFactory copyMethod (Ljava/lang/reflect/Method;)Ljava/lang/reflect/Method; 3073 1 34696 0 -1
ciMethod java/lang/ref/ReferenceQueue reallyPoll ()Ljava/lang/ref/Reference; 9 1 5156 0 224
ciMethod java/lang/ref/ReferenceQueue poll ()Ljava/lang/ref/Reference; 2049 1 19594 0 736
ciMethod sun/misc/VM addFinalRefCount (I)V 2529 1 10283 0 0
ciMethod java/util/concurrent/atomic/AtomicInteger get ()I 1057 1 132 0 0
ciMethod java/util/ArrayList size ()I 1025 1 128 0 0
ciMethod java/util/ArrayList elementData (I)Ljava/lang/Object; 1969 1 6481 0 0
ciMethod java/util/ArrayList get (I)Ljava/lang/Object; 1969 1 6439 0 128
ciMethod java/util/ArrayList rangeCheck (I)V 2177 1 6758 0 0
ciMethod sun/reflect/Reflection getCallerClass ()Ljava/lang/Class; 3073 1 384 0 -1
ciMethod sun/reflect/Reflection filterMethods (Ljava/lang/Class;[Ljava/lang/reflect/Method;)[Ljava/lang/reflect/Method; 505 1 729 0 0
ciMethod sun/reflect/Reflection filter ([Ljava/lang/reflect/Member;[Ljava/lang/String;)[Ljava/lang/reflect/Member; 673 1 966 0 0
ciMethod java/lang/Class$3 <init> ()V 49 1 6 0 0
ciMethod java/lang/Class$ReflectionData <init> (I)V 1609 1 992 0 0
ciMethod java/lang/Class$Atomic casReflectionData (Ljava/lang/Class;Ljava/lang/ref/SoftReference;Ljava/lang/ref/SoftReference;)Z 1609 1 992 0 0
ciMethod java/lang/reflect/Modifier isPrivate (I)Z 1841 1 20355 0 0
ciMethod java/lang/reflect/Modifier isStatic (I)Z 2145 1 10711 0 64
ciMethod java/lang/reflect/Modifier isAbstract (I)Z 1009 1 3821 0 0
ciMethod java/util/Arrays equals ([Ljava/lang/Object;[Ljava/lang/Object;)Z 1953 6393 5727 0 -1
ciMethod java/util/Arrays copyOf ([Ljava/lang/Object;I)[Ljava/lang/Object; 2097 1 7922 0 0
ciMethod java/util/Arrays copyOf ([Ljava/lang/Object;ILjava/lang/Class;)[Ljava/lang/Object; 2137 1 6466 0 -1
ciMethodData java/lang/Object <init> ()V 2 559369 orig 264 184 126 219 90 0 0 0 0 136 4 134 23 0 0 0 0 32 1 0 0 0 0 0 0 0 0 0 0 0 0 0 0 0 0 0 0 0 0 0 0 0 0 0 0 0 0 0 0 0 0 0 0 0 0 0 0 0 0 0 0 0 0 0 0 0 0 0 0 0 0 0 0 0 0 0 0 0 0 0 0 77 68 79 32 101 120 116 114 97 32 100 97 116 97 32 108 111 99 107 0 0 0 0 0 0 0 0 0 0 0 0 0 0 0 0 0 0 0 0 0 0 0 0 0 0 0 0 0 0 0 0 0 0 0 0 0 0 0 0 0 0 0 0 0 0 0 0 0 0 0 0 0 0 0 0 0 0 0 0 0 0 0 0 0 0 0 0 0 0 0 0 0 0 0 0 0 0 0 0 0 0 0 0 0 1 0 0 0 0 0 0 0 1 0 0 0 0 0 0 0 1 0 0 0 0 0 0 0 0 0 0 0 0 0 0 0 0 2 0 0 73 56 68 0 1 0 0 0 0 0 0 0 0 0 0 0 2 0 0 0 0 0 0 0 4 0 1 0 0 0 0 0 255 255 255 255 0 0 0 0 0 0 0 0 data 0 oops 0
ciMethod java/util/Objects requireNonNull (Ljava/lang/Object;)Ljava/lang/Object; 2049 1 51201 0 -1
ciMethod java/util/Iterator hasNext ()Z 0 0 1 0 -1
ciMethod java/util/Iterator next ()Ljava/lang/Object; 0 0 1 0 -1
ciMethod java/lang/IllegalArgumentException <init> (Ljava/lang/String;)V 0 0 2 0 -1
ciMethod java/lang/reflect/Array newInstance (Ljava/lang/Class;I)Ljava/lang/Object; 1689 1 6312 0 -1
ciMethod java/util/concurrent/ConcurrentMap putIfAbsent (Ljava/lang/Object;Ljava/lang/Object;)Ljava/lang/Object; 0 0 1 0 -1
ciMethod java/util/concurrent/ConcurrentMap computeIfAbsent (Ljava/lang/Object;Ljava/util/function/Function;)Ljava/lang/Object; 1713 1 5482 0 2368
ciMethod java/util/concurrent/ConcurrentMap get (Ljava/lang/Object;)Ljava/lang/Object; 0 0 1 0 -1
ciMethodData java/lang/String hashCode ()I 2 29857 orig 264 184 126 219 90 0 0 0 0 128 79 134 23 0 0 0 0 152 1 0 0 32 0 0 0 0 0 0 0 0 0 0 0 0 0 0 0 0 0 0 0 0 0 0 0 0 0 0 0 0 0 0 0 0 0 0 0 0 0 0 0 0 0 0 0 0 0 0 0 0 0 0 0 0 0 0 0 0 0 0 0 77 68 79 32 101 120 116 114 97 32 100 97 116 97 32 108 111 99 107 0 0 0 0 0 0 0 0 0 0 0 0 0 0 0 0 0 0 0 0 0 0 0 0 0 0 0 0 0 0 0 0 0 0 0 0 0 0 0 0 0 0 0 0 0 0 0 0 0 0 0 0 0 0 0 0 0 0 0 0 0 0 0 0 0 0 0 0 0 0 0 0 0 0 0 0 0 0 0 0 0 0 0 0 0 1 0 0 0 0 0 0 0 0 0 0 0 0 0 0 0 1 0 0 0 0 0 0 0 0 0 0 0 0 0 0 0 0 16 0 0 201 35 0 0 9 37 3 0 0 0 0 0 0 0 0 0 2 0 0 0 0 0 0 0 4 0 1 0 120 0 0 0 255 255 255 255 7 0 6 0 0 0 0 0 data 15 0x60007 0x25a 0x78 0x21f 0xe0007 0x1 0x58 0x21e 0x1e0007 0x21e 0x38 0x6490 0x2d0003 0x6490 0xffffffffffffffe0 oops 0
ciMethodData java/lang/System getSecurityManager ()Ljava/lang/SecurityManager; 2 53612 orig 264 184 126 219 90 0 0 0 0 184 147 135 23 0 0 0 0 24 1 0 0 0 0 0 0 0 0 0 0 0 0 0 0 0 0 0 0 0 0 0 0 0 0 0 0 0 0 0 0 0 0 0 0 0 0 0 0 0 0 0 0 0 0 0 0 0 0 0 0 0 0 0 0 0 0 0 0 0 0 0 0 77 68 79 32 101 120 116 114 97 32 100 97 116 97 32 108 111 99 107 0 0 0 0 0 0 0 0 0 0 0 0 0 0 0 0 0 0 0 0 0 0 0 0 0 0 0 0 0 0 0 0 0 0 0 0 0 0 0 0 0 0 0 0 0 0 0 0 0 0 0 0 0 0 0 0 0 0 0 0 0 0 0 0 0 0 0 0 0 0 0 0 0 0 0 0 0 0 0 0 0 0 0 0 0 1 0 0 0 0 0 0 0 0 0 0 0 0 0 0 0 0 0 0 0 0 0 0 0 0 0 0 0 0 0 0 0 0 2 0 0 97 123 6 0 1 0 0 0 0 0 0 0 0 0 0 0 2 0 0 0 0 0 3 0 3 0 0 0 0 0 0 0 255 255 255 255 0 0 0 0 0 0 0 0 data 0 oops 0
ciMethodData java/lang/String startsWith (Ljava/lang/String;I)Z 2 13274 orig 264 184 126 219 90 0 0 0 0 120 77 134 23 0 0 0 0 176 1 0 0 32 0 0 0 0 0 0 0 0 0 0 0 0 0 0 0 0 0 0 0 0 0 0 0 0 0 0 0 0 0 0 0 0 0 0 0 0 0 0 0 0 0 0 0 0 0 0 0 0 0 0 0 0 0 0 0 0 0 0 0 77 68 79 32 101 120 116 114 97 32 100 97 116 97 32 108 111 99 107 0 0 0 0 0 0 0 0 0 0 0 0 0 0 0 0 0 0 0 0 0 0 0 0 0 0 0 0 0 0 0 0 0 0 0 0 0 0 0 0 0 0 0 0 0 0 0 0 0 0 0 0 0 0 0 0 0 0 0 0 0 0 0 0 0 0 0 0 0 0 0 0 0 0 0 0 0 0 0 0 0 0 0 0 0 1 0 0 0 0 0 0 0 0 0 0 0 0 0 0 0 3 0 0 0 0 0 0 0 0 0 0 0 0 0 0 0 0 2 0 0 233 161 0 0 57 148 1 0 0 0 0 0 0 0 0 0 2 0 0 0 1 0 13 0 4 0 1 0 128 0 0 0 255 255 255 255 7 0 25 0 0 0 0 0 data 16 0x190007 0x7 0x40 0x1436 0x250007 0x13b7 0x20 0x7f 0x2f0007 0x212 0x40 0x3299 0x410007 0x20f4 0xffffffffffffffe0 0x11a5 oops 0
ciMethod java/lang/Class$MethodArray <init> ()V 1897 1 803 0 0
ciMethod java/lang/Class$MethodArray <init> (I)V 2049 1 8829 0 0
ciMethod java/lang/Class$MethodArray hasDefaults ()Z 1865 1 2220 0 -1
ciMethod java/lang/Class$MethodArray add (Ljava/lang/reflect/Method;)V 2049 1 7752 0 0
ciMethod java/lang/Class$MethodArray addAll ([Ljava/lang/reflect/Method;)V 1017 4793 479 0 0
ciMethod java/lang/Class$MethodArray addAll (Ljava/lang/Class$MethodArray;)V 137 297 155 0 0
ciMethod java/lang/Class$MethodArray addIfNotPresent (Ljava/lang/reflect/Method;)V 1681 8257 2344 0 1024
ciMethod java/lang/Class$MethodArray addAllIfNotPresent (Ljava/lang/Class$MethodArray;)V 881 4697 324 0 0
ciMethod java/lang/Class$MethodArray addInterfaceMethods ([Ljava/lang/reflect/Method;)V 1577 4849 252 0 0
ciMethod java/lang/Class$MethodArray length ()I 1025 1 128 0 0
ciMethod java/lang/Class$MethodArray get (I)Ljava/lang/reflect/Method; 2049 1 9246 0 0
ciMethod java/lang/Class$MethodArray removeByNameAndDescriptor (Ljava/lang/reflect/Method;)V 3697 16385 4155 0 0
ciMethod java/lang/Class$MethodArray remove (I)V 89 1 410 0 0
ciMethod java/lang/Class$MethodArray matchesNameAndDescriptor (Ljava/lang/reflect/Method;Ljava/lang/reflect/Method;)Z 3065 1 8807 0 576
ciMethod java/lang/Class$MethodArray compactAndTrim ()V 881 6689 324 0 0
ciMethod java/lang/Class$MethodArray removeLessSpecifics ()V 737 97 2219 0 0
ciMethod java/lang/Class$MethodArray getArray ()[Ljava/lang/reflect/Method; 881 1 110 0 0
ciMethod java/lang/Class$MethodArray hasMoreSpecificClass (Ljava/lang/reflect/Method;Ljava/lang/reflect/Method;)Z 0 0 1 0 -1
ciMethodData java/lang/String startsWith (Ljava/lang/String;)Z 2 149147 orig 264 184 126 219 90 0 0 0 0 16 78 134 23 0 0 0 0 128 1 0 0 0 0 0 0 0 0 0 0 0 0 0 0 0 0 0 0 0 0 0 0 0 0 0 0 0 0 0 0 0 0 0 0 0 0 0 0 0 0 0 0 0 0 0 0 0 0 0 0 0 0 0 0 0 0 0 0 0 0 0 0 77 68 79 32 101 120 116 114 97 32 100 97 116 97 32 108 111 99 107 0 0 0 0 0 0 0 0 0 0 0 0 0 0 0 0 0 0 0 0 0 0 0 0 0 0 0 0 0 0 0 0 0 0 0 0 0 0 0 0 0 0 0 0 0 0 0 0 0 0 0 0 0 0 0 0 0 0 0 0 0 0 0 0 0 0 0 0 0 0 0 0 0 0 0 0 0 0 0 0 0 0 0 0 0 1 0 0 0 0 0 0 0 0 0 0 0 0 0 0 0 3 0 0 0 0 0 0 0 0 0 0 0 0 0 0 0 128 1 0 0 217 40 18 0 1 0 0 0 0 0 0 0 0 0 0 0 2 0 0 0 0 0 3 0 4 0 1 0 48 0 0 0 255 255 255 255 5 0 3 0 0 0 0 0 data 6 0x30005 0x0 0x350be00 0x2451b 0x0 0x0 oops 1